<?xml version="1.0" encoding="UTF-8"?>
<!-- Generated by org.testng.reporters.JUnitReportReporter -->
<testsuite hostname="DESKTOP-F2KGTUH" name="com.test.uiAutomation.MasherqDigital.ContactPage.ContactPageFieldValidationTestCases" tests="3" failures="0" timestamp="12 Jun 2020 13:54:42 GMT" time="1.490" errors="0">
  <testcase name="ContactPageTC002_verify_Iamlookingto" time="0.491" classname="com.test.uiAutomation.MasherqDigital.ContactPage.ContactPageFieldValidationTestCases"/>
  <testcase name="ContactPageTC003_verifyContactFormFields_validdata" time="0.454" classname="com.test.uiAutomation.MasherqDigital.ContactPage.ContactPageFieldValidationTestCases"/>
  <testcase name="ContactPageTC001_verifyPhoneNumberField" time="0.545" classname="com.test.uiAutomation.MasherqDigital.ContactPage.ContactPageFieldValidationTestCases"/>
</testsuite> <!-- com.test.uiAutomation.MasherqDigital.ContactPage.ContactPageFieldValidationTestCases -->
