<?xml version="1.0" encoding="UTF-8"?>
<!-- Generated by org.testng.reporters.JUnitReportReporter -->
<testsuite hostname="DESKTOP-F2KGTUH" name="com.test.uiAutomation.MasherqDigital.ContactPage.ContactPageTestCases" tests="1" failures="0" timestamp="12 Jun 2020 13:54:42 GMT" time="0.903" errors="0">
  <testcase name="verifyContactFormFields" time="0.903" classname="com.test.uiAutomation.MasherqDigital.ContactPage.ContactPageTestCases"/>
</testsuite> <!-- com.test.uiAutomation.MasherqDigital.ContactPage.ContactPageTestCases -->
