<?xml version="1.0" encoding="UTF-8"?>
<!-- Generated by org.testng.reporters.JUnitReportReporter -->
<testsuite name="com.test.uiAutomation.MasherqDigital.HomePage.fTC001_Verifylinks" tests="2" time="102.746" ignored="0" failures="0" timestamp="21 Jul 2019 08:08:29 GMT" skipped="0" hostname="Venkat-PC" errors="0">
  <testcase name="verifylink" time="1.779" classname="com.test.uiAutomation.MasherqDigital.HomePage.fTC001_Verifylinks"/>
  <testcase name="ClickMenulink" time="100.967" classname="com.test.uiAutomation.MasherqDigital.HomePage.fTC001_Verifylinks"/>
</testsuite> <!-- com.test.uiAutomation.MasherqDigital.HomePage.fTC001_Verifylinks -->
