<?xml version="1.0" encoding="UTF-8"?>
<!-- Generated by org.testng.reporters.JUnitReportReporter -->
<testsuite hostname="DESKTOP-F2KGTUH" name="com.test.uiAutomation.MasherqDigital.HomePage.HomePageTestCases" tests="3" failures="0" timestamp="12 Jun 2020 13:54:42 GMT" time="2.984" errors="0">
  <testcase name="HomePageTC003_ClicTooltiplink" time="0.744" classname="com.test.uiAutomation.MasherqDigital.HomePage.HomePageTestCases"/>
  <testcase name="HomePageTC002_ClickNavlink" time="0.790" classname="com.test.uiAutomation.MasherqDigital.HomePage.HomePageTestCases"/>
  <testcase name="HomePageTC001_verifyNavigationlinks" time="1.450" classname="com.test.uiAutomation.MasherqDigital.HomePage.HomePageTestCases"/>
</testsuite> <!-- com.test.uiAutomation.MasherqDigital.HomePage.HomePageTestCases -->
